<?xml version="1.0" encoding="UTF-8"?>
<!-- Generated by org.testng.reporters.JUnitXMLReporter -->
<testsuite ignored="0" hostname="DESKTOP-KA91B3B" failures="0" tests="2" name="BankingApp Test" time="19.644" errors="0" timestamp="2021-03-14T09:20:16 BDT">
  <testcase classname="com.inetBankingDemo.testCases.TC_NewAccountTest_006" name="loginToTheApplication" time="5.026"/>
  <testcase classname="com.inetBankingDemo.testCases.TC_NewAccountTest_006" name="createNewAccount" time="2.384"/>
</testsuite> <!-- BankingApp Test -->
