<?xml version="1.0" encoding="UTF-8"?>
<!-- Generated by org.testng.reporters.JUnitXMLReporter -->
<testsuite ignored="3" hostname="DESKTOP-KA91B3B" failures="1" tests="1" name="BankingApp Test" time="3.798" errors="0" timestamp="2021-04-17T22:40:04 BDT">
  <testcase classname="com.guru99BankingDemo.testCases.CustomerModuleTest" name="deleteCustomerUsingValidId" time="0.0">
    <failure type="org.testng.TestNGException" message="
Cannot inject @Test annotated Method [deleteCustomerUsingValidId] with [class java.lang.String].
For more information on native dependency injection please refer to https://testng.org/doc/documentation-main.html#native-dependency-injection">
      <![CDATA[org.testng.TestNGException: 
Cannot inject @Test annotated Method [deleteCustomerUsingValidId] with [class java.lang.String].
For more information on native dependency injection please refer to https://testng.org/doc/documentation-main.html#native-dependency-injection
at java.base/java.util.ArrayList.forEach(ArrayList.java:1511)
... Removed 26 stack frames]]>
    </failure>
  </testcase> <!-- deleteCustomerUsingValidId -->
  <testcase classname="com.guru99BankingDemo.testCases.CustomerModuleTest" name="addCustomerUsingValidData" time="0.0">
    <ignored/>
  </testcase> <!-- addCustomerUsingValidData -->
  <testcase classname="com.guru99BankingDemo.testCases.CustomerModuleTest" name="addCustomerUsingInvalidData" time="0.0">
    <ignored/>
  </testcase> <!-- addCustomerUsingInvalidData -->
  <testcase classname="com.guru99BankingDemo.testCases.CustomerModuleTest" name="resetCustomerForm" time="0.0">
    <ignored/>
  </testcase> <!-- resetCustomerForm -->
</testsuite> <!-- BankingApp Test -->
