<?xml version="1.0" encoding="UTF-8"?>
<testng-results ignored="0" total="1" passed="1" failed="0" skipped="0">
  <reporter-output>
  </reporter-output>
  <suite started-at="2021-04-14T17:36:35 BDT" name="guru99Banking Demo" finished-at="2021-04-14T17:36:50 BDT" duration-ms="15303">
    <groups>
    </groups>
    <test started-at="2021-04-14T17:36:35 BDT" name="BankingApp Test" finished-at="2021-04-14T17:36:50 BDT" duration-ms="15303">
      <class name="com.guru99BankingDemo.testCases.ManagerModuleTest">
        <test-method is-config="true" signature="setUp(java.lang.String)[pri:0, instance:com.guru99BankingDemo.testCases.ManagerModuleTest@65466a6a]" started-at="2021-04-14T17:36:35 BDT" name="setUp" finished-at="2021-04-14T17:36:43 BDT" duration-ms="8449" status="PASS">
          <params>
            <param index="0">
              <value>
                <![CDATA[chrome]]>
              </value>
            </param>
          </params>
          <reporter-output>
          </reporter-output>
        </test-method> <!-- setUp -->
        <test-method signature="doManagerRegistration()[pri:0, instance:com.guru99BankingDemo.testCases.ManagerModuleTest@65466a6a]" started-at="2021-04-14T17:36:43 BDT" name="doManagerRegistration" finished-at="2021-04-14T17:36:48 BDT" duration-ms="5091" status="PASS">
          <reporter-output>
          </reporter-output>
        </test-method> <!-- doManagerRegistration -->
        <test-method is-config="true" signature="tearDown()[pri:0, instance:com.guru99BankingDemo.testCases.ManagerModuleTest@65466a6a]" started-at="2021-04-14T17:36:48 BDT" name="tearDown" finished-at="2021-04-14T17:36:50 BDT" duration-ms="1404" status="PASS">
          <reporter-output>
          </reporter-output>
        </test-method> <!-- tearDown -->
      </class> <!-- com.guru99BankingDemo.testCases.ManagerModuleTest -->
    </test> <!-- BankingApp Test -->
  </suite> <!-- guru99Banking Demo -->
</testng-results>
